a:3837
aa:13376
aaalf.pk:1301
aabvf:1291
aabvf.pk:1291
aac:97
aacay:974
aactf:264
aadr:1155
aafpx:4273
aagiy.pk:975
aaglf:756
aaglf.pk:751
aaiaf.pk:183
aaigf:1041
aaigf.pk:1041
aair.ob:2402
aait:761
aal:2366
aam:1305
aamc:550
aame:7679
aamuq.pk:2831
aan:7678
aaoi:353
aaon:5586
aap:3329
aaph.ob:3788
aapl:8622
aascx:4699
aaspx:4565
aasuf.pk:609
aat:1032
aau:2307
aaujf.pk:1905
aaukf:1904
aaukf.pk:1904
aauky:7678
aauky.pk:7679
aav:2742
aavg.pk:3698
aavl:141
aaww:2335
aaxj:1640
ab:6768
abagx:3492
abat:3821
abat.pk:3790
abax:5814
abb:3489
abbv:538
abc:5006
abcb:5227
abcd:1308
abcff.pk:1115
abco:3340
abcp.pk:4564
abcw:83
abcw.ob:83
abdc:198
abdnf:1094
abdnf.pk:1094
abdny:388
abev:4521
abfof.pk:1804
abg:3253
abgb:338
abglf:975
abglf.pk:975
abgof.pk:1045
abgoy:1094
abgoy.pk:1094
abgpf.ob:528
abhd.ob:1179
abio:4412
abix.pk:4678
abk:3479
abki:1617
abki.pk:1198
abl:4304
ablyf:1295
ablyf.pk:1295
abm:7713
abmc.pk:4316
abmd:6948
abmt.pk:1234
abn:3381
abnaf.pk:2154
abot.pk:1759
abpi.pk:2284
abr:2717
abrfx:1253
abrty.pk:1215
abssf:4775
abssf.pk:4775
abt:8039
abtl:4002
abv:4714
abva:2670
abwaf.pk:1677
abx:7576
aby:174
abzpf.pk:401
acad:2702
acane:153
acar.ob:1255
acas:4396
acat:6212
acazf:1184
acazf.pk:1184
acc:2648
acc.to:4213
acco:2394
accp.ob:8599
accu:744
acdsf:1515
acdsf.pk:1515
acdvf:69
ace:5517
acehf.pk:696
acel:4611
acel.pk:4611
acet:6277
acfc:2613
acfn:5801
acg:6932
acgby:975
acgby.pk:527
acgl:4893
acgox:2196
acgpf:640
acgpf.pk:640
acgx:2650
ach:3321
achc:5279
achi:1197
achn:2083
aci:6685
acim:746
aciw:5032
ackay.pk:764
ackdf.pk:1230
acl:3899
aclo.pk:3082
acls:3676
acm:1960
acme.pk:3873
acmp:1136
acn:3418
acnb:4818
aco:6826
acol:234
acor:2272
acosf.pk:2043
acp:1023
acpgf.pk:974
acpw:3656
acrb.pk:1049
acre:708
acrff.pk:1184
acrfy:1281
acrfy.pk:1281
acrvf:357
acrx:1012
acsaf:943
acsaf.pk:943
acsay.pk:25
acscx:3808
acsf:276
acst:764
act:5544
actc:2453
actc.ob:2453
actff:1215
actff.pk:1215
actg:3066
actl:161
acts:2321
acu:7679
acur:5777
acw:1251
acwdx:1081
acwi:1738
acwv:838
acwx:1736
acxif.pk:1295
acxm:7678
acy:4300
adaif.pk:654
adat:5736
adbe:7190
adbi.pk:2984
adc:5250
adcf.pk:887
adddf:1280
adddf.pk:1280
addxf:1094
addxf.pk:1094
addyy:1946
addyy.pk:1946
adep:4828
ades:5
adexf.pk:1230
adfjf.pk:696
adfs.ob:1573
adge:1800
adhd:441
adi:7713
adk:2054
adkt.pk:1515
adls.ob:2401
adm:8040
adma:338
admd:2067
admd.ob:2001
admp:4915
adms:218
adnc:698
adp:8039
adpt:166
adpt.pk:166
adra:3087
adrd:3087
adre:3087
adru:3087
adrzf.pk:1041
adrzy:994
ads:3441
adsk:7474
adst.pk:3264
adt:600
adtm:1164
adtn:5170
adus:1337
advs:4848
adwpf:764
adwpf.pk:764
adx:7713
adxdf.pk:1230
adxs:2408
adxs.ob:2408
adz:1725
ae:7679
aebzy:964
aebzy.pk:964
aec:5357
aed:2325
aee:4311
aeg:7474
aegn:6510
aegof.pk:2043
aegr:1089
aegxf.pk:1540
aegy:1066
aehr:4407
aeis:4847
ael:2822
aelgf.pk:754
aem:7679
aemaf.pk:630
aemd:4018
aemd.ob:4018
aemmy:274
aeo:5251
aeojf.pk:640
aeorf.pk:2016
aep:11389
aepi:7325
aeplf:974
aer:2075
aerg:5780
aerg.ob:5777
aeri:332
aern.pk:3483
aero:2045
aero.ob:2045
aert.ob:6308
aes:5960
aesay:1281
aesay.pk:1282
aesyy.pk:1295
aet:9620
aeti:1956
aetuf:2331
aetuf.pk:2331
aexaf.pk:696
aey:4714
aeye:459
aeyif:2197
aeyif.pk:2197
aezs:3718
af:5352
afam:5542
afb:3289
afc:1977
afcb:1289
affm.ob:2635
affx:4709
affy:2058
afg:8039
afh:510
afi:3289
afivy.pk:2043
afk:1664
afl:7713
aflyy:2718
aflyy.pk:2718
afmd:111
afop:3576
afraf:739
afraf.pk:739
afrby.pk:125
afrmf:260
afrnf:1677
afrnf.pk:1677
afrvy:2197
afsi:2071
aft:1003
ag:2071
aga:1725
agaax:4699
agc:1949
agcbf.pk:1540
agco:5754
agd:2157
age:3868
ageef.pk:1041
agen:3782
agesf:696
agesy:4784
agesy.pk:4784
agf:1726
agfmf.pk:1229
agg:2869
aggax:4699
aggff:1291
aggff.pk:1291
aggzf:2197
aggzf.pk:2197
aghi.pk:1551
agi:1515
agii:7125
agil:1418
agin.ob:510
agio:398
agl:4831
aglaf.pk:632
aglnf.pk:1677
aglny:1209
agls:1163
aglsf.pk:823
agm:4911
agm.a:4712
agmif:1470
agmif.pk:1470
agmjf:630
agmjf.pk:630
agn:6468
agnc:1704
agnd:295
agnm.pk:2739
ago:2726
agody:176
agody.ob:172
agol:1031
agonf.pk:1041
agp:3430
agpdy:3982
agpdy.pk:3982
agpif.pk:1041
agppf.pk:1184
agppy:2447
agppy.pk:2447
agq:1563
agro:1022
agrpy:2197
agrpy.pk:2197
agrx:189
agtc:228
agtef:256
agthx:8863
agtk:1300
agu:4984
agx:4911
agxxf:1041
agxxf.ob:1041
agys:6277
agz:1579
agzd:295
ah:2791
ahbif:2016
ahbif.pk:2016
ahc:1770
ahchf:1053
ahchf.pk:1041
ahchy:1291
ahchy.pk:1292
ahexf.pk:975
ahexy:1295
ahexy.pk:1295
ahfp.pk:3735
ahgp:2211
ahh:451
ahii:434
ahksy.pk:1858
ahl:2821
ahodf:1230
ahodf.pk:1230
ahony:6016
ahony.pk:6017
ahotf:469
ahotf.ob:469
ahp:324
ahpi:5821
ahro:1781
ahro.ob:1781
ahs:3340
aht:2892
ai:4317
aia:1825
aiabf:640
aiabf.pk:640
aiagf.pk:1215
aiagy:150
aib:574
aibef:161
aibyy:4985
aibyy.ob:4965
aicaf.pk:2043
aida.pk:1967
aidef:972
aidef.pk:957
aidif:1155
aidif.pk:1155
aidix:2658
aierf.pk:1752
aif:501
aifly.pk:2197
aig:7678
aiiex:5762
aiiff.pk:2197
aim:9234
aimc:2058
aimox:1415
ain:6905
ainc:65
ainv:2718
aiocf:640
aiocf.ob:640
aionx:548
aiopx:871
aiq:3410
aiquf:1230
aiquf.pk:1230
aiquy:1930
aiquy.pk:1930
air:7713
airi:3201
airm:6926
airo.pk:3669
airr:240
airt:7774
airyy:1958
airyy.pk:1958
ait:7679
aiv:5183
aivaf.pk:1230
aivi.pk:1094
aivsx:7346
aixg:2504
aixxf:161
aixxf.pk:161
aiz:2780
ajg:7679
ajgh.pk:1317
ajiny.pk:1268
ajmpf:581
ajmpf.pk:581
ajscf.pk:1677
ajx:4
akaaf:2197
akaby:61
akam:3851
akao:239
akba:233
akbty:2197
akbty.pk:2197
aker:273
akg:1797
akh:1855
akkvf:2197
akkvf.pk:2197
akkvy:510
akkvy.pk:510
ako.a:5191
ako.b:4496
akp:3289
akr:5474
akrrf:428
akrtf:54
akrx:3160
aks:5261
aktaf:1094
aktaf.pk:1094
akva.ob:2084
akzof:1230
akzof.pk:1230
akzoy:6499
akzoy.pk:6499
al:966
ala:966
alan.ob:6258
alarf:658
alatx:137
alb:5287
albkf:161
albkf.pk:161
albky:1295
albky.pk:1296
alc:3370
alco:10548
alcs:5032
ald:989
alda.pk:4935
aldr:199
aldw:566
aldx:203
ale:10547
alex:675
alfa:685
alfvy:1281
alfvy.pk:1282
alg:5522
alggf.pk:1122
algn:3536
algt:2063
algzf:766
algzf.pk:766
aliaf:2127
aliaf.pk:2127
alif.ob:4069
alim:1217
aliof:1515
aliof.pk:1515
alizf:1677
alizf.pk:1677
alj:2408
aljj:4753
aljj.pk:4582
alk:8104
alkm:480
alks:5947
all:5470
allay:1094
allay.pk:1094
allb:5027
alle:316
allrf:1291
allrf.pk:1291
allt:2078
ally:279
allzf.pk:1141
alme.ob:1302
aln:1369
alnc:3758
alnpf:640
alnpy:1230
alnpy.pk:2985
alny:2700
alog:7679
alot:7679
alpmf:1215
alpmf.pk:1215
alpmy:1295
alpmy.pk:1295
alpxf:281
alqa:3968
alqa.ob:3968
alr:4667
alrs:3002
alrs.pk:3002
alsc.pk:1967
alse.pk:7679
alsk:3837
alsmy:1230
alsmy.pk:1230
alsn:738
also:1103
also.ob:1103
alssf:161
alswf:1515
alswf.pk:1515
alt:3945
altex:1840
alti:3933
altl:617
altr:6777
alts:92
altv:4232
altx.pk:4564
alu:5732
alv:4484
alvof:282
alx:7713
alxa:2255
alxdf:1230
alxn:4778
alxxf:281
am:73
amadf.pk:1140
amady.pk:934
amag:7234
amap:1018
amat:7679
amavf:640
amavf.ob:641
amba:593
ambc:456
ambi:377
ambr:232
ambs:1119
ambs.ob:1120
ambt:4133
amc:295
amcbf:739
amcbf.pk:739
amcc:4328
amcf:1277
amcn:1834
amco:1295
amcry:5569
amcry.pk:5569
amcx:926
amd:8050
amda:257
ame:7713
amed:5164
amel.ob:1117
amen:4380
amg:4338
amgn:7679
amh:392
amhpf:1291
amhpf.pk:1291
amic:5777
amid:898
amieq.pk:4493
amigf:2043
amigf.pk:2043
amigy:975
amigy.pk:975
amj:1441
amk:3822
amkaf:1716
amkaf.pk:1716
amkbf.pk:1677
amkby:739
amkr:4229
amlh:1860
amlj.pk:4333
amlp:1130
amltf.pk:1230
amlzf:1818
amlzf.pk:1816
ammg:1453
ammj:80
amnb:3991
amnf:6253
amnf.pk:6253
amnl:2709
amnp.ob:362
amnzf.pk:2091
amomx:1415
amot:5792
amov:3529
amp:2374
ampd.ob:1189
ampe:1232
amph:166
amplq:7678
amps:754
ampw.ob:1099
amrb:4059
amrc:1154
amre:643
amri:4037
amrk:236
amrn:5511
amrs:1107
ams:7678
amsc:5842
amse:510
amsf:2328
amsg:4330
amsiy.pk:1837
amslf:2027
amswa:7679
amt:4273
amtc.ob:4193
amtd:4522
amtg:901
amtx:188
amty.ob:4501
amu:643
amvmf:640
amwd:7208
amww.pk:1
amx:3527
amygf:1094
amyzf:1300
amyzf.pk:1300
amza:97
amzg:2186
amzg.ob:2186
amzkf:754
amzkf.pk:754
amzn:4470
amzz:427
amzz.ob:427
an:5787
anac:1066
anad:4994
anarf.pk:2043
anat:7678
ancfx:8863
anci:2306
anckf.pk:1230
ancpa.pk:722
anctf:630
anctf.pk:630
ancuf:1291
ancuf.pk:1291
ancx:2668
and:1018
ande:4784
anegy:691
anegy.pk:678
anen:10082
anet:179
anewf.pk:1515
anf:4631
anfc:1168
anfgf:1291
anfgf.pk:1291
anfgy.pk:1295
anfi:592
anfvx:293
angi:818
angl:720
ango:2700
angyf:539
angyf.pk:539
angzf.pk:619
anh:4264
anik:5491
anioy:1281